<?xml version="1.0" encoding="UTF-8"?>
<!-- Generated by org.testng.reporters.JUnitReportReporter -->
<testsuite hostname="RAYAN" failures="0" tests="1" name="Drop_TestRunner.Drop_TestRunner" time="16.039" errors="0" timestamp="2023-09-30T21:57:11 EDT" skipped="0">
  <testcase classname="Drop_TestRunner.Drop_TestRunner" name="feature" time="16.039"/>
</testsuite> <!-- Drop_TestRunner.Drop_TestRunner -->
